<?xml version="1.0" encoding="UTF-8"?>
<testsuite name="com.ajc.unit_testing.ExampleUnitTest" tests="3" skipped="0" failures="0" errors="0" timestamp="2021-12-17T04:58:02" hostname="Shubhams-MacBook-Pro.local" time="0.003">
  <properties/>
  <testcase name="subtraction_isCorrect" classname="com.ajc.unit_testing.ExampleUnitTest" time="0.002"/>
  <testcase name="divisionCheck" classname="com.ajc.unit_testing.ExampleUnitTest" time="0.0"/>
  <testcase name="addition_isCorrect" classname="com.ajc.unit_testing.ExampleUnitTest" time="0.0"/>
  <system-out><![CDATA[]]></system-out>
  <system-err><![CDATA[]]></system-err>
</testsuite>
